#
# There is insufficient memory for the Java Runtime Environment to continue.
# Native memory allocation (mmap) failed to map 157286400 bytes for Failed to commit area from 0x00000000a8800000 to 0x00000000b1e00000 of length 157286400.
# Possible reasons:
#   The system is out of physical RAM or swap space
#   The process is running with CompressedOops enabled, and the Java Heap may be blocking the growth of the native heap
# Possible solutions:
#   Reduce memory load on the system
#   Increase physical memory or swap space
#   Check if swap backing store is full
#   Decrease Java heap size (-Xmx/-Xms)
#   Decrease number of Java threads
#   Decrease Java thread stack sizes (-Xss)
#   Set larger code cache with -XX:ReservedCodeCacheSize=
#   JVM is running with Unscaled Compressed Oops mode in which the Java heap is
#     placed in the first 4GB address space. The Java Heap base address is the
#     maximum limit for the native heap growth. Please use -XX:HeapBaseMinAddress
#     to set the Java Heap base and to place the Java Heap above 4GB virtual address.
# This output file may be truncated or incomplete.
#
#  Out of Memory Error (t:/workspace/hotspot/src/os/windows/vm/os_windows.cpp:3357), pid=5716, tid=7960
#
# JRE version: Java(TM) SE Runtime Environment (9.0+11) (build 9.0.1+11)
# Java VM: Java HotSpot(TM) 64-Bit Server VM (9.0.1+11, mixed mode, tiered, compressed oops, g1 gc, windows-amd64)
# No core dump will be written. Minidumps are not enabled by default on client versions of Windows
#

---------------  S U M M A R Y ------------

Command Line: -Dfile.encoding=Cp1251 com.invoice.Main

Host: Intel(R) Core(TM) i7-2630QM CPU @ 2.00GHz, 8 cores, 6G,  Windows 10 , 64 bit Build 16299 (10.0.16299.15)
Time: Sat Dec 02 00:51:59 2017 Naoaianeia a?aiy (ceia) elapsed time: 5 seconds (0d 0h 0m 5s)

---------------  T H R E A D  ---------------

Current thread (0x0000022033e3a800):  VMThread "VM Thread" [stack: 0x00000085c4600000,0x00000085c4700000] [id=7960]

Stack: [0x00000085c4600000,0x00000085c4700000]
[error occurred during error reporting (printing stack bounds), id 0xe0000002]

Native frames: (J=compiled Java code, j=interpreted, Vv=VM code, C=native code)
V  [jvm.dll+0x5870b8]
V  [jvm.dll+0x69c0ee]
V  [jvm.dll+0x69d00a]
V  [jvm.dll+0x69cb95]
V  [jvm.dll+0x69d5ab]
V  [jvm.dll+0x586916]
V  [jvm.dll+0x586ce8]
C  [ntdll.dll+0xa4c3d]
C  [ntdll.dll+0x1d1b8]
C  [ntdll.dll+0xa3b6e]
C  0x000002201d500e2a

VM_Operation (0x00000085c31fbb20): G1IncCollectionPause, mode: safepoint, requested by thread 0x0000022015020000


---------------  P R O C E S S  ---------------

Java Threads: ( => current thread )
  0x00000220344de000 JavaThread "D3D Screen Updater" daemon [_thread_blocked, id=8592, stack(0x00000085c5700000,0x00000085c5800000)]
  0x0000022034d09800 JavaThread "AWT-EventQueue-0" [_thread_blocked, id=6436, stack(0x00000085c5600000,0x00000085c5700000)]
  0x00000220347f4000 JavaThread "AWT-Windows" daemon [_thread_in_native, id=2688, stack(0x00000085c5500000,0x00000085c5600000)]
  0x0000022034527800 JavaThread "AWT-Shutdown" [_thread_blocked, id=4604, stack(0x00000085c5400000,0x00000085c5500000)]
  0x00000220344f7000 JavaThread "Java2D Disposer" daemon [_thread_blocked, id=6296, stack(0x00000085c5300000,0x00000085c5400000)]
  0x00000220342a9800 JavaThread "Service Thread" daemon [_thread_blocked, id=424, stack(0x00000085c5100000,0x00000085c5200000)]
  0x0000022033f98000 JavaThread "Common-Cleaner" daemon [_thread_blocked, id=3808, stack(0x00000085c5000000,0x00000085c5100000)]
  0x0000022033ecc800 JavaThread "Sweeper thread" daemon [_thread_blocked, id=5156, stack(0x00000085c4f00000,0x00000085c5000000)]
  0x0000022033e9c800 JavaThread "C1 CompilerThread3" daemon [_thread_blocked, id=6560, stack(0x00000085c4e00000,0x00000085c4f00000)]
  0x0000022033e8f800 JavaThread "C2 CompilerThread2" daemon [_thread_blocked, id=4544, stack(0x00000085c4d00000,0x00000085c4e00000)]
  0x0000022033e8c800 JavaThread "C2 CompilerThread1" daemon [_thread_blocked, id=6196, stack(0x00000085c4c00000,0x00000085c4d00000)]
  0x0000022033e80800 JavaThread "C2 CompilerThread0" daemon [_thread_blocked, id=7940, stack(0x00000085c4b00000,0x00000085c4c00000)]
  0x0000022033e80000 JavaThread "Attach Listener" daemon [_thread_blocked, id=2704, stack(0x00000085c4a00000,0x00000085c4b00000)]
  0x0000022033e7f000 JavaThread "Signal Dispatcher" daemon [_thread_blocked, id=6036, stack(0x00000085c4900000,0x00000085c4a00000)]
  0x0000022033e6c000 JavaThread "Finalizer" daemon [_thread_blocked, id=6100, stack(0x00000085c4800000,0x00000085c4900000)]
  0x0000022033e63000 JavaThread "Reference Handler" daemon [_thread_blocked, id=5136, stack(0x00000085c4700000,0x00000085c4800000)]
  0x0000022015020000 JavaThread "main" [_thread_blocked, id=7140, stack(0x00000085c3100000,0x00000085c3200000)]

Other Threads:
=>0x0000022033e3a800 VMThread "VM Thread" [stack: 0x00000085c4600000,0x00000085c4700000] [id=7960]
  0x00000220342ac000 WatcherThread [stack: 0x00000085c5200000,0x00000085c5300000] [id=1380]
  0x0000022015036800 GCTaskThread "GC Thread#0" [stack: 0x00000085c3200000,0x00000085c3300000] [id=3968]
  0x0000022015038000 GCTaskThread "GC Thread#1" [stack: 0x00000085c3300000,0x00000085c3400000] [id=8936]
  0x0000022015039800 GCTaskThread "GC Thread#2" [stack: 0x00000085c3400000,0x00000085c3500000] [id=8148]
  0x0000022015041000 GCTaskThread "GC Thread#3" [stack: 0x00000085c3500000,0x00000085c3600000] [id=5088]
  0x000002201504d800 GCTaskThread "GC Thread#4" [stack: 0x00000085c3600000,0x00000085c3700000] [id=8868]
  0x000002201504e000 GCTaskThread "GC Thread#5" [stack: 0x00000085c3700000,0x00000085c3800000] [id=1188]
  0x0000022015048000 GCTaskThread "GC Thread#6" [stack: 0x00000085c3800000,0x00000085c3900000] [id=5984]
  0x0000022015049800 GCTaskThread "GC Thread#7" [stack: 0x00000085c3900000,0x00000085c3a00000] [id=2620]
  0x00000220150cd000 ConcurrentGCThread "G1 Main Marker" [stack: 0x00000085c4300000,0x00000085c4400000] [id=5276]
  0x000002201504a000 ConcurrentGCThread "G1 Marker#0" [stack: 0x00000085c4400000,0x00000085c4500000] [id=7868]
  0x0000022015049000 ConcurrentGCThread "G1 Marker#1" [stack: 0x00000085c4500000,0x00000085c4600000] [id=7000]
  0x0000022015078800 ConcurrentGCThread "G1 Refine#0" [stack: 0x00000085c4100000,0x00000085c4200000] [id=2184]
  0x0000022015078000 ConcurrentGCThread "G1 Refine#1" [stack: 0x00000085c4000000,0x00000085c4100000] [id=1996]
  0x000002201506c000 ConcurrentGCThread "G1 Refine#2" [stack: 0x00000085c3f00000,0x00000085c4000000] [id=6104]
  0x000002201506b000 ConcurrentGCThread "G1 Refine#3" [stack: 0x00000085c3e00000,0x00000085c3f00000] [id=4508]
  0x0000022015066800 ConcurrentGCThread "G1 Refine#4" [stack: 0x00000085c3d00000,0x00000085c3e00000] [id=6672]
  0x000002201505b800 ConcurrentGCThread "G1 Refine#5" [stack: 0x00000085c3c00000,0x00000085c3d00000] [id=6248]
  0x0000022015057000 ConcurrentGCThread "G1 Refine#6" [stack: 0x00000085c3b00000,0x00000085c3c00000] [id=6344]
  0x0000022015056000 ConcurrentGCThread "G1 Refine#7" [stack: 0x00000085c3a00000,0x00000085c3b00000] [id=6308]
  0x000002201507b800 ConcurrentGCThread "G1 Young RemSet Sampling" [stack: 0x00000085c4200000,0x00000085c4300000] [id=6052]

Threads with active compile tasks:
C2 CompilerThread23315       4       java.lang.StringBuilder::append (8 bytes)

VM state:at safepoint (normal execution)

VM Mutex/Monitor currently owned by a thread:  ([mutex/lock_event])
[0x000002201501e650] Threads_lock - owner thread: 0x0000022033e3a800
[0x000002201501f070] Heap_lock - owner thread: 0x0000022015020000

Heap address: 0x000000009f200000, size: 1550 MB, Compressed Oops mode: 32-bit
Narrow klass base: 0x0000000000000000, Narrow klass shift: 3
Compressed class space size: 1073741824 Address: 0x0000000100000000

Heap:
 garbage-first heap   total 307200K, used 54480K [0x000000009f200000, 0x000000009f300960, 0x0000000100000000)
  region size 1024K, 2 young (2048K), 2 survivors (2048K)
 Metaspace       used 21383K, capacity 22474K, committed 22784K, reserved 1069056K
  class space    used 2306K, capacity 2526K, committed 2560K, reserved 1048576K
Heap Regions: E=young(eden), S=young(survivor), O=old, HS=humongous(starts), HC=humongous(continues), CS=collection set, F=free, A=archive, TS=gc time stamp, AC=allocation context, TAMS=top-at-mark-start (previous, next)
|   0|0x000000009f200000, 0x000000009f300000, 0x000000009f300000|100%|HS|  |TS  0|AC  0|TAMS 0x000000009f300000, 0x000000009f300000|
|   1|0x000000009f300000, 0x000000009f400000, 0x000000009f400000|100%| O|  |TS  0|AC  0|TAMS 0x000000009f400000, 0x000000009f400000|
|   2|0x000000009f400000, 0x000000009f500000, 0x000000009f500000|100%| O|  |TS  0|AC  0|TAMS 0x000000009f500000, 0x000000009f500000|
|   3|0x000000009f500000, 0x000000009f600000, 0x000000009f600000|100%| O|  |TS  0|AC  0|TAMS 0x000000009f600000, 0x000000009f600000|
|   4|0x000000009f600000, 0x000000009f700000, 0x000000009f700000|100%| O|  |TS  1|AC  0|TAMS 0x000000009f600000, 0x000000009f600000|
|   5|0x000000009f700000, 0x000000009f800000, 0x000000009f800000|100%| O|  |TS  1|AC  0|TAMS 0x000000009f700000, 0x000000009f700000|
|   6|0x000000009f800000, 0x000000009f900000, 0x000000009f900000|100%| O|  |TS  1|AC  0|TAMS 0x000000009f800000, 0x000000009f800000|
|   7|0x000000009f900000, 0x000000009fa00000, 0x000000009fa00000|100%| O|  |TS  1|AC  0|TAMS 0x000000009f900000, 0x000000009f900000|
|   8|0x000000009fa00000, 0x000000009fb00000, 0x000000009fb00000|100%| O|  |TS  0|AC  0|TAMS 0x000000009fb00000, 0x000000009fb00000|
|   9|0x000000009fb00000, 0x000000009fc00000, 0x000000009fc00000|100%| O|  |TS  0|AC  0|TAMS 0x000000009fc00000, 0x000000009fc00000|
|  10|0x000000009fc00000, 0x000000009fd00000, 0x000000009fd00000|100%| O|  |TS  1|AC  0|TAMS 0x000000009fc00000, 0x000000009fc00000|
|  11|0x000000009fd00000, 0x000000009fe00000, 0x000000009fe00000|100%| O|  |TS  3|AC  0|TAMS 0x000000009fd00000, 0x000000009fd00000|
|  12|0x000000009fe00000, 0x000000009fe00000, 0x000000009ff00000|  0%| F|  |TS  3|AC  0|TAMS 0x000000009fe00000, 0x000000009fe00000|
|  13|0x000000009ff00000, 0x00000000a0000000, 0x00000000a0000000|100%| O|  |TS  3|AC  0|TAMS 0x000000009ff00000, 0x000000009ff00000|
|  14|0x00000000a0000000, 0x00000000a0000000, 0x00000000a0100000|  0%| F|  |TS  3|AC  0|TAMS 0x00000000a0000000, 0x00000000a0000000|
|  15|0x00000000a0100000, 0x00000000a0100000, 0x00000000a0200000|  0%| F|  |TS  3|AC  0|TAMS 0x00000000a0100000, 0x00000000a0100000|
|  16|0x00000000a0200000, 0x00000000a026ca00, 0x00000000a0300000| 42%| O|  |TS  7|AC  0|TAMS 0x00000000a0200000, 0x00000000a0200000|
|  17|0x00000000a0300000, 0x00000000a0300000, 0x00000000a0400000|  0%| F|  |TS  0|AC  0|TAMS 0x00000000a0300000, 0x00000000a0300000|
|  18|0x00000000a0400000, 0x00000000a0400000, 0x00000000a0500000|  0%| F|  |TS  0|AC  0|TAMS 0x00000000a0400000, 0x00000000a0400000|
|  19|0x00000000a0500000, 0x00000000a0500000, 0x00000000a0600000|  0%| F|  |TS  0|AC  0|TAMS 0x00000000a0500000, 0x00000000a0500000|
|  20|0x00000000a0600000, 0x00000000a0600000, 0x00000000a0700000|  0%| F|  |TS  0|AC  0|TAMS 0x00000000a0600000, 0x00000000a0600000|
|  21|0x00000000a0700000, 0x00000000a0700000, 0x00000000a0800000|  0%| F|  |TS  0|AC  0|TAMS 0x00000000a0700000, 0x00000000a0700000|
|  22|0x00000000a0800000, 0x00000000a0800000, 0x00000000a0900000|  0%| F|  |TS  0|AC  0|TAMS 0x00000000a0800000, 0x00000000a0800000|
|  23|0x00000000a0900000, 0x00000000a0900000, 0x00000000a0a00000|  0%| F|  |TS  0|AC  0|TAMS 0x00000000a0900000, 0x00000000a0900000|
|  24|0x00000000a0a00000, 0x00000000a0a00000, 0x00000000a0b00000|  0%| F|  |TS  0|AC  0|TAMS 0x00000000a0a00000, 0x00000000a0a00000|
|  25|0x00000000a0b00000, 0x00000000a0b00000, 0x00000000a0c00000|  0%| F|  |TS  0|AC  0|TAMS 0x00000000a0b00000, 0x00000000a0b00000|
|  26|0x00000000a0c00000, 0x00000000a0c00000, 0x00000000a0d00000|  0%| F|  |TS  0|AC  0|TAMS 0x00000000a0c00000, 0x00000000a0c00000|
|  27|0x00000000a0d00000, 0x00000000a0d00000, 0x00000000a0e00000|  0%| F|  |TS  0|AC  0|TAMS 0x00000000a0d00000, 0x00000000a0d00000|
|  28|0x00000000a0e00000, 0x00000000a0e00000, 0x00000000a0f00000|  0%| F|  |TS  0|AC  0|TAMS 0x00000000a0e00000, 0x00000000a0e00000|
|  29|0x00000000a0f00000, 0x00000000a0f00000, 0x00000000a1000000|  0%| F|  |TS  0|AC  0|TAMS 0x00000000a0f00000, 0x00000000a0f00000|
|  30|0x00000000a1000000, 0x00000000a1000000, 0x00000000a1100000|  0%| F|  |TS  0|AC  0|TAMS 0x00000000a1000000, 0x00000000a1000000|
|  31|0x00000000a1100000, 0x00000000a1100000, 0x00000000a1200000|  0%| F|  |TS  0|AC  0|TAMS 0x00000000a1100000, 0x00000000a1100000|
|  32|0x00000000a1200000, 0x00000000a1200000, 0x00000000a1300000|  0%| F|  |TS  0|AC  0|TAMS 0x00000000a1200000, 0x00000000a1200000|
|  33|0x00000000a1300000, 0x00000000a1400000, 0x00000000a1400000|100%| O|  |TS  0|AC  0|TAMS 0x00000000a1400000, 0x00000000a1400000|
|  34|0x00000000a1400000, 0x00000000a1500000, 0x00000000a1500000|100%| O|  |TS  0|AC  0|TAMS 0x00000000a1500000, 0x00000000a1500000|
|  35|0x00000000a1500000, 0x00000000a1500000, 0x00000000a1600000|  0%| F|  |TS  3|AC  0|TAMS 0x00000000a1500000, 0x00000000a1500000|
|  36|0x00000000a1600000, 0x00000000a1600000, 0x00000000a1700000|  0%| F|  |TS  3|AC  0|TAMS 0x00000000a1600000, 0x00000000a1600000|
|  37|0x00000000a1700000, 0x00000000a1700000, 0x00000000a1800000|  0%| F|  |TS  0|AC  0|TAMS 0x00000000a1700000, 0x00000000a1700000|
|  38|0x00000000a1800000, 0x00000000a1800000, 0x00000000a1900000|  0%| F|  |TS  3|AC  0|TAMS 0x00000000a1800000, 0x00000000a1800000|
|  39|0x00000000a1900000, 0x00000000a1900000, 0x00000000a1a00000|  0%| F|  |TS  0|AC  0|TAMS 0x00000000a1900000, 0x00000000a1900000|
|  40|0x00000000a1a00000, 0x00000000a1b00000, 0x00000000a1b00000|100%| O|  |TS  0|AC  0|TAMS 0x00000000a1b00000, 0x00000000a1b00000|
|  41|0x00000000a1b00000, 0x00000000a1c00000, 0x00000000a1c00000|100%|HS|  |TS  0|AC  0|TAMS 0x00000000a1c00000, 0x00000000a1c00000|
|  42|0x00000000a1c00000, 0x00000000a1d00000, 0x00000000a1d00000|100%|HC|  |TS  0|AC  0|TAMS 0x00000000a1d00000, 0x00000000a1d00000|
|  43|0x00000000a1d00000, 0x00000000a1e00000, 0x00000000a1e00000|100%|HC|  |TS  0|AC  0|TAMS 0x00000000a1e00000, 0x00000000a1e00000|
|  44|0x00000000a1e00000, 0x00000000a1f00000, 0x00000000a1f00000|100%| O|  |TS  0|AC  0|TAMS 0x00000000a1f00000, 0x00000000a1f00000|
|  45|0x00000000a1f00000, 0x00000000a1f00000, 0x00000000a2000000|  0%| F|  |TS  0|AC  0|TAMS 0x00000000a1f00000, 0x00000000a1f00000|
|  46|0x00000000a2000000, 0x00000000a2100000, 0x00000000a2100000|100%| O|  |TS  0|AC  0|TAMS 0x00000000a2100000, 0x00000000a2100000|
|  47|0x00000000a2100000, 0x00000000a2200000, 0x00000000a2200000|100%| O|  |TS  0|AC  0|TAMS 0x00000000a2200000, 0x00000000a2200000|
|  48|0x00000000a2200000, 0x00000000a2300000, 0x00000000a2300000|100%| O|  |TS  0|AC  0|TAMS 0x00000000a2300000, 0x00000000a2300000|
|  49|0x00000000a2300000, 0x00000000a2400000, 0x00000000a2400000|100%| O|  |TS  0|AC  0|TAMS 0x00000000a2400000, 0x00000000a2400000|
|  50|0x00000000a2400000, 0x00000000a2400000, 0x00000000a2500000|  0%| F|  |TS  0|AC  0|TAMS 0x00000000a2400000, 0x00000000a2400000|
|  51|0x00000000a2500000, 0x00000000a2600000, 0x00000000a2600000|100%| O|  |TS  0|AC  0|TAMS 0x00000000a2600000, 0x00000000a2600000|
|  52|0x00000000a2600000, 0x00000000a2700000, 0x00000000a2700000|100%| O|  |TS  0|AC  0|TAMS 0x00000000a2700000, 0x00000000a2700000|
|  53|0x00000000a2700000, 0x00000000a2800000, 0x00000000a2800000|100%| O|  |TS  0|AC  0|TAMS 0x00000000a2800000, 0x00000000a2800000|
|  54|0x00000000a2800000, 0x00000000a2900000, 0x00000000a2900000|100%| O|  |TS  0|AC  0|TAMS 0x00000000a2900000, 0x00000000a2900000|
|  55|0x00000000a2900000, 0x00000000a2a00000, 0x00000000a2a00000|100%| O|  |TS  0|AC  0|TAMS 0x00000000a2a00000, 0x00000000a2a00000|
|  56|0x00000000a2a00000, 0x00000000a2b00000, 0x00000000a2b00000|100%| O|  |TS  0|AC  0|TAMS 0x00000000a2b00000, 0x00000000a2b00000|
|  57|0x00000000a2b00000, 0x00000000a2c00000, 0x00000000a2c00000|100%| O|  |TS  0|AC  0|TAMS 0x00000000a2c00000, 0x00000000a2c00000|
|  58|0x00000000a2c00000, 0x00000000a2d00000, 0x00000000a2d00000|100%| O|  |TS  0|AC  0|TAMS 0x00000000a2d00000, 0x00000000a2d00000|
|  59|0x00000000a2d00000, 0x00000000a2e00000, 0x00000000a2e00000|100%| O|  |TS  0|AC  0|TAMS 0x00000000a2e00000, 0x00000000a2e00000|
|  60|0x00000000a2e00000, 0x00000000a2f00000, 0x00000000a2f00000|100%| O|  |TS  0|AC  0|TAMS 0x00000000a2f00000, 0x00000000a2f00000|
|  61|0x00000000a2f00000, 0x00000000a3000000, 0x00000000a3000000|100%| O|  |TS  0|AC  0|TAMS 0x00000000a3000000, 0x00000000a3000000|
|  62|0x00000000a3000000, 0x00000000a3100000, 0x00000000a3100000|100%| O|  |TS  0|AC  0|TAMS 0x00000000a3100000, 0x00000000a3100000|
|  63|0x00000000a3100000, 0x00000000a3200000, 0x00000000a3200000|100%| O|  |TS  0|AC  0|TAMS 0x00000000a3200000, 0x00000000a3200000|
|  64|0x00000000a3200000, 0x00000000a3300000, 0x00000000a3300000|100%| O|  |TS  0|AC  0|TAMS 0x00000000a3300000, 0x00000000a3300000|
|  65|0x00000000a3300000, 0x00000000a3400000, 0x00000000a3400000|100%| O|  |TS  0|AC  0|TAMS 0x00000000a3400000, 0x00000000a3400000|
|  66|0x00000000a3400000, 0x00000000a3500000, 0x00000000a3500000|100%| O|  |TS  0|AC  0|TAMS 0x00000000a3500000, 0x00000000a3500000|
|  67|0x00000000a3500000, 0x00000000a3600000, 0x00000000a3600000|100%| O|  |TS  0|AC  0|TAMS 0x00000000a3600000, 0x00000000a3600000|
|  68|0x00000000a3600000, 0x00000000a3700000, 0x00000000a3700000|100%| O|  |TS  0|AC  0|TAMS 0x00000000a3700000, 0x00000000a3700000|
|  69|0x00000000a3700000, 0x00000000a3800000, 0x00000000a3800000|100%| O|  |TS  0|AC  0|TAMS 0x00000000a3800000, 0x00000000a3800000|
|  70|0x00000000a3800000, 0x00000000a3900000, 0x00000000a3900000|100%| O|  |TS  0|AC  0|TAMS 0x00000000a3900000, 0x00000000a3900000|
|  71|0x00000000a3900000, 0x00000000a3a00000, 0x00000000a3a00000|100%| O|  |TS  0|AC  0|TAMS 0x00000000a3a00000, 0x00000000a3a00000|
|  72|0x00000000a3a00000, 0x00000000a3b00000, 0x00000000a3b00000|100%| O|  |TS  0|AC  0|TAMS 0x00000000a3b00000, 0x00000000a3b00000|
|  73|0x00000000a3b00000, 0x00000000a3c00000, 0x00000000a3c00000|100%| O|  |TS  0|AC  0|TAMS 0x00000000a3c00000, 0x00000000a3c00000|
|  74|0x00000000a3c00000, 0x00000000a3d00000, 0x00000000a3d00000|100%| O|  |TS  0|AC  0|TAMS 0x00000000a3d00000, 0x00000000a3d00000|
|  75|0x00000000a3d00000, 0x00000000a3e00000, 0x00000000a3e00000|100%| O|  |TS  0|AC  0|TAMS 0x00000000a3e00000, 0x00000000a3e00000|
|  76|0x00000000a3e00000, 0x00000000a3f00000, 0x00000000a3f00000|100%| O|  |TS  0|AC  0|TAMS 0x00000000a3f00000, 0x00000000a3f00000|
|  77|0x00000000a3f00000, 0x00000000a4000000, 0x00000000a4000000|100%| O|  |TS  0|AC  0|TAMS 0x00000000a4000000, 0x00000000a4000000|
|  78|0x00000000a4000000, 0x00000000a4000000, 0x00000000a4100000|  0%| F|  |TS  0|AC  0|TAMS 0x00000000a4000000, 0x00000000a4000000|
|  79|0x00000000a4100000, 0x00000000a4100000, 0x00000000a4200000|  0%| F|  |TS  0|AC  0|TAMS 0x00000000a4100000, 0x00000000a4100000|
|  80|0x00000000a4200000, 0x00000000a4200000, 0x00000000a4300000|  0%| F|  |TS  0|AC  0|TAMS 0x00000000a4200000, 0x00000000a4200000|
|  81|0x00000000a4300000, 0x00000000a4300000, 0x00000000a4400000|  0%| F|  |TS  0|AC  0|TAMS 0x00000000a4300000, 0x00000000a4300000|
|  82|0x00000000a4400000, 0x00000000a4400000, 0x00000000a4500000|  0%| F|  |TS  0|AC  0|TAMS 0x00000000a4400000, 0x00000000a4400000|
|  83|0x00000000a4500000, 0x00000000a4500000, 0x00000000a4600000|  0%| F|  |TS  1|AC  0|TAMS 0x00000000a4500000, 0x00000000a4500000|
|  84|0x00000000a4600000, 0x00000000a4600000, 0x00000000a4700000|  0%| F|  |TS  0|AC  0|TAMS 0x00000000a4600000, 0x00000000a4600000|
|  85|0x00000000a4700000, 0x00000000a4700000, 0x00000000a4800000|  0%| F|  |TS  0|AC  0|TAMS 0x00000000a4700000, 0x00000000a4700000|
|  86|0x00000000a4800000, 0x00000000a4800000, 0x00000000a4900000|  0%| F|  |TS  0|AC  0|TAMS 0x00000000a4800000, 0x00000000a4800000|
|  87|0x00000000a4900000, 0x00000000a4900000, 0x00000000a4a00000|  0%| F|  |TS  1|AC  0|TAMS 0x00000000a4900000, 0x00000000a4900000|
|  88|0x00000000a4a00000, 0x00000000a4a00000, 0x00000000a4b00000|  0%| F|  |TS  1|AC  0|TAMS 0x00000000a4a00000, 0x00000000a4a00000|
|  89|0x00000000a4b00000, 0x00000000a4b00000, 0x00000000a4c00000|  0%| F|  |TS  1|AC  0|TAMS 0x00000000a4b00000, 0x00000000a4b00000|
|  90|0x00000000a4c00000, 0x00000000a4c00000, 0x00000000a4d00000|  0%| F|  |TS  0|AC  0|TAMS 0x00000000a4c00000, 0x00000000a4c00000|
|  91|0x00000000a4d00000, 0x00000000a4d00000, 0x00000000a4e00000|  0%| F|  |TS  0|AC  0|TAMS 0x00000000a4d00000, 0x00000000a4d00000|
|  92|0x00000000a4e00000, 0x00000000a4e00000, 0x00000000a4f00000|  0%| F|  |TS  0|AC  0|TAMS 0x00000000a4e00000, 0x00000000a4e00000|
|  93|0x00000000a4f00000, 0x00000000a4f00000, 0x00000000a5000000|  0%| F|  |TS  0|AC  0|TAMS 0x00000000a4f00000, 0x00000000a4f00000|
|  94|0x00000000a5000000, 0x00000000a5000000, 0x00000000a5100000|  0%| F|  |TS  0|AC  0|TAMS 0x00000000a5000000, 0x00000000a5000000|
|  95|0x00000000a5100000, 0x00000000a5100000, 0x00000000a5200000|  0%| F|  |TS  0|AC  0|TAMS 0x00000000a5100000, 0x00000000a5100000|
|  96|0x00000000a5200000, 0x00000000a5200000, 0x00000000a5300000|  0%| F|  |TS  0|AC  0|TAMS 0x00000000a5200000, 0x00000000a5200000|
|  97|0x00000000a5300000, 0x00000000a5300000, 0x00000000a5400000|  0%| F|  |TS  0|AC  0|TAMS 0x00000000a5300000, 0x00000000a5300000|
|  98|0x00000000a5400000, 0x00000000a5400000, 0x00000000a5500000|  0%| F|  |TS  0|AC  0|TAMS 0x00000000a5400000, 0x00000000a5400000|
|  99|0x00000000a5500000, 0x00000000a5500000, 0x00000000a5600000|  0%| F|  |TS  0|AC  0|TAMS 0x00000000a5500000, 0x00000000a5500000|
| 100|0x00000000a5600000, 0x00000000a5600000, 0x00000000a5700000|  0%| F|  |TS  0|AC  0|TAMS 0x00000000a5600000, 0x00000000a5600000|
| 101|0x00000000a5700000, 0x00000000a5700000, 0x00000000a5800000|  0%| F|  |TS  0|AC  0|TAMS 0x00000000a5700000, 0x00000000a5700000|
| 102|0x00000000a5800000, 0x00000000a5800000, 0x00000000a5900000|  0%| F|  |TS  0|AC  0|TAMS 0x00000000a5800000, 0x00000000a5800000|
| 103|0x00000000a5900000, 0x00000000a5900000, 0x00000000a5a00000|  0%| F|  |TS  0|AC  0|TAMS 0x00000000a5900000, 0x00000000a5900000|
| 104|0x00000000a5a00000, 0x00000000a5a00000, 0x00000000a5b00000|  0%| F|  |TS  0|AC  0|TAMS 0x00000000a5a00000, 0x00000000a5a00000|
| 105|0x00000000a5b00000, 0x00000000a5b00000, 0x00000000a5c00000|  0%| F|  |TS  0|AC  0|TAMS 0x00000000a5b00000, 0x00000000a5b00000|
| 106|0x00000000a5c00000, 0x00000000a5c00000, 0x00000000a5d00000|  0%| F|  |TS  0|AC  0|TAMS 0x00000000a5c00000, 0x00000000a5c00000|
| 107|0x00000000a5d00000, 0x00000000a5dc76e0, 0x00000000a5e00000| 77%| S|CS|TS  7|AC  0|TAMS 0x00000000a5d00000, 0x00000000a5d00000|
| 108|0x00000000a5e00000, 0x00000000a5f00000, 0x00000000a5f00000|100%| S|CS|TS  7|AC  0|TAMS 0x00000000a5e00000, 0x00000000a5e00000|
| 109|0x00000000a5f00000, 0x00000000a5f00000, 0x00000000a6000000|  0%| F|  |TS  7|AC  0|TAMS 0x00000000a5f00000, 0x00000000a5f00000|
| 110|0x00000000a6000000, 0x00000000a6000000, 0x00000000a6100000|  0%| F|  |TS  7|AC  0|TAMS 0x00000000a6000000, 0x00000000a6000000|
| 111|0x00000000a6100000, 0x00000000a6100000, 0x00000000a6200000|  0%| F|  |TS  7|AC  0|TAMS 0x00000000a6100000, 0x00000000a6100000|
| 112|0x00000000a6200000, 0x00000000a6200000, 0x00000000a6300000|  0%| F|  |TS  7|AC  0|TAMS 0x00000000a6200000, 0x00000000a6200000|
| 113|0x00000000a6300000, 0x00000000a6300000, 0x00000000a6400000|  0%| F|  |TS  7|AC  0|TAMS 0x00000000a6300000, 0x00000000a6300000|
| 114|0x00000000a6400000, 0x00000000a6400000, 0x00000000a6500000|  0%| F|  |TS  7|AC  0|TAMS 0x00000000a6400000, 0x00000000a6400000|
| 115|0x00000000a6500000, 0x00000000a6500000, 0x00000000a6600000|  0%| F|  |TS  7|AC  0|TAMS 0x00000000a6500000, 0x00000000a6500000|
| 116|0x00000000a6600000, 0x00000000a6600000, 0x00000000a6700000|  0%| F|  |TS  7|AC  0|TAMS 0x00000000a6600000, 0x00000000a6600000|
| 117|0x00000000a6700000, 0x00000000a6700000, 0x00000000a6800000|  0%| F|  |TS  7|AC  0|TAMS 0x00000000a6700000, 0x00000000a6700000|
| 118|0x00000000a6800000, 0x00000000a6800000, 0x00000000a6900000|  0%| F|  |TS  7|AC  0|TAMS 0x00000000a6800000, 0x00000000a6800000|
| 119|0x00000000a6900000, 0x00000000a6900000, 0x00000000a6a00000|  0%| F|  |TS  7|AC  0|TAMS 0x00000000a6900000, 0x00000000a6900000|
| 120|0x00000000a6a00000, 0x00000000a6a00000, 0x00000000a6b00000|  0%| F|  |TS  7|AC  0|TAMS 0x00000000a6a00000, 0x00000000a6a00000|
| 121|0x00000000a6b00000, 0x00000000a6b00000, 0x00000000a6c00000|  0%| F|  |TS  7|AC  0|TAMS 0x00000000a6b00000, 0x00000000a6b00000|
| 122|0x00000000a6c00000, 0x00000000a6c00000, 0x00000000a6d00000|  0%| F|  |TS  7|AC  0|TAMS 0x00000000a6c00000, 0x00000000a6c00000|
| 123|0x00000000a6d00000, 0x00000000a6d00000, 0x00000000a6e00000|  0%| F|  |TS  7|AC  0|TAMS 0x00000000a6d00000, 0x00000000a6d00000|
| 124|0x00000000a6e00000, 0x00000000a6e00000, 0x00000000a6f00000|  0%| F|  |TS  7|AC  0|TAMS 0x00000000a6e00000, 0x00000000a6e00000|
| 125|0x00000000a6f00000, 0x00000000a6f00000, 0x00000000a7000000|  0%| F|  |TS  7|AC  0|TAMS 0x00000000a6f00000, 0x00000000a6f00000|
| 126|0x00000000a7000000, 0x00000000a7000000, 0x00000000a7100000|  0%| F|  |TS  7|AC  0|TAMS 0x00000000a7000000, 0x00000000a7000000|
| 127|0x00000000a7100000, 0x00000000a7100000, 0x00000000a7200000|  0%| F|  |TS  7|AC  0|TAMS 0x00000000a7100000, 0x00000000a7100000|
| 128|0x00000000a7200000, 0x00000000a7200000, 0x00000000a7300000|  0%| F|  |TS  7|AC  0|TAMS 0x00000000a7200000, 0x00000000a7200000|
| 129|0x00000000a7300000, 0x00000000a7300000, 0x00000000a7400000|  0%| F|  |TS  7|AC  0|TAMS 0x00000000a7300000, 0x00000000a7300000|
| 130|0x00000000a7400000, 0x00000000a7400000, 0x00000000a7500000|  0%| F|  |TS  7|AC  0|TAMS 0x00000000a7400000, 0x00000000a7400000|
| 131|0x00000000a7500000, 0x00000000a7500000, 0x00000000a7600000|  0%| F|  |TS  7|AC  0|TAMS 0x00000000a7500000, 0x00000000a7500000|
| 132|0x00000000a7600000, 0x00000000a7600000, 0x00000000a7700000|  0%| F|  |TS  7|AC  0|TAMS 0x00000000a7600000, 0x00000000a7600000|
| 133|0x00000000a7700000, 0x00000000a7700000, 0x00000000a7800000|  0%| F|  |TS  7|AC  0|TAMS 0x00000000a7700000, 0x00000000a7700000|
| 134|0x00000000a7800000, 0x00000000a7800000, 0x00000000a7900000|  0%| F|  |TS  7|AC  0|TAMS 0x00000000a7800000, 0x00000000a7800000|
| 135|0x00000000a7900000, 0x00000000a7900000, 0x00000000a7a00000|  0%| F|  |TS  7|AC  0|TAMS 0x00000000a7900000, 0x00000000a7900000|
| 136|0x00000000a7a00000, 0x00000000a7a00000, 0x00000000a7b00000|  0%| F|  |TS  7|AC  0|TAMS 0x00000000a7a00000, 0x00000000a7a00000|
| 137|0x00000000a7b00000, 0x00000000a7b00000, 0x00000000a7c00000|  0%| F|  |TS  7|AC  0|TAMS 0x00000000a7b00000, 0x00000000a7b00000|
| 138|0x00000000a7c00000, 0x00000000a7c00000, 0x00000000a7d00000|  0%| F|  |TS  7|AC  0|TAMS 0x00000000a7c00000, 0x00000000a7c00000|
| 139|0x00000000a7d00000, 0x00000000a7d00000, 0x00000000a7e00000|  0%| F|  |TS  7|AC  0|TAMS 0x00000000a7d00000, 0x00000000a7d00000|
| 140|0x00000000a7e00000, 0x00000000a7e00000, 0x00000000a7f00000|  0%| F|  |TS  7|AC  0|TAMS 0x00000000a7e00000, 0x00000000a7e00000|
| 141|0x00000000a7f00000, 0x00000000a7f00000, 0x00000000a8000000|  0%| F|  |TS  7|AC  0|TAMS 0x00000000a7f00000, 0x00000000a7f00000|
| 142|0x00000000a8000000, 0x00000000a8000000, 0x00000000a8100000|  0%| F|  |TS  7|AC  0|TAMS 0x00000000a8000000, 0x00000000a8000000|
| 143|0x00000000a8100000, 0x00000000a8100000, 0x00000000a8200000|  0%| F|  |TS  7|AC  0|TAMS 0x00000000a8100000, 0x00000000a8100000|
| 144|0x00000000a8200000, 0x00000000a8200000, 0x00000000a8300000|  0%| F|  |TS  7|AC  0|TAMS 0x00000000a8200000, 0x00000000a8200000|
| 145|0x00000000a8300000, 0x00000000a8300000, 0x00000000a8400000|  0%| F|  |TS  7|AC  0|TAMS 0x00000000a8300000, 0x00000000a8300000|
| 146|0x00000000a8400000, 0x00000000a8400000, 0x00000000a8500000|  0%| F|  |TS  7|AC  0|TAMS 0x00000000a8400000, 0x00000000a8400000|
| 147|0x00000000a8500000, 0x00000000a8500000, 0x00000000a8600000|  0%| F|  |TS  7|AC  0|TAMS 0x00000000a8500000, 0x00000000a8500000|
| 148|0x00000000a8600000, 0x00000000a8600000, 0x00000000a8700000|  0%| F|  |TS  7|AC  0|TAMS 0x00000000a8600000, 0x00000000a8600000|
| 149|0x00000000a8700000, 0x00000000a8700000, 0x00000000a8800000|  0%| F|  |TS  7|AC  0|TAMS 0x00000000a8700000, 0x00000000a8700000|

Card table byte_map: [0x000002202d580000,0x000002202d890000] byte_map_base: 0x000002202d087000

Marking Bits (Prev, Next): (CMBitMap*) 0x00000220150cc648, (CMBitMap*) 0x00000220150cc610
 Prev Bits: [0x000002202f3e0000, 0x0000022030c18000)
 Next Bits: [0x000002202dba0000, 0x000002202f3d8000)

Polling page: 0x0000022012e50000

CodeHeap 'non-profiled nmethods': size=120000Kb used=1834Kb max_used=1834Kb free=118166Kb
 bounds [0x0000022024fd0000, 0x0000022025240000, 0x000002202c500000]
CodeHeap 'profiled nmethods': size=120000Kb used=6563Kb max_used=6563Kb free=113436Kb
 bounds [0x000002201daa0000, 0x000002201e110000, 0x0000022024fd0000]
CodeHeap 'non-nmethods': size=5760Kb used=1375Kb max_used=1422Kb free=4384Kb
 bounds [0x000002201d500000, 0x000002201d770000, 0x000002201daa0000]
 total_blobs=4736 nmethods=3295 adapters=523
 compilation: enabled

Compilation events (10 events):
Event: 5.194 Thread 0x0000022033e9c800 nmethod 3313 0x000002201e104d10 code [0x000002201e104f60, 0x000002201e1059d0]
Event: 5.195 Thread 0x0000022033e9c800 3314       3       jdk.internal.jimage.ImageStringsReader::stringFromByteBuffer (28 bytes)
Event: 5.195 Thread 0x0000022033e9c800 nmethod 3314 0x000002201e105e90 code [0x000002201e106080, 0x000002201e1064a0]
Event: 5.195 Thread 0x0000022033e8f800 3315       4       java.lang.StringBuilder::append (8 bytes)
Event: 5.196 Thread 0x0000022033e9c800 3316       3       jdk.internal.jimage.BasicImageReader::getString (49 bytes)
Event: 5.197 Thread 0x0000022033e9c800 nmethod 3316 0x000002201e106610 code [0x000002201e106860, 0x000002201e1073a0]
Event: 5.197 Thread 0x0000022033e9c800 3317       3       java.util.jar.JarFile::getEntry (60 bytes)
Event: 5.198 Thread 0x0000022033e9c800 nmethod 3317 0x000002201e107710 code [0x000002201e1079a0, 0x000002201e108570]
Event: 5.198 Thread 0x0000022033e9c800 3318       3       java.util.jar.JarFile::getJarEntry (9 bytes)
Event: 5.198 Thread 0x0000022033e9c800 nmethod 3318 0x000002201e108910 code [0x000002201e108ae0, 0x000002201e108dd0]

GC Heap History (10 events):
Event: 3.987 GC heap after
{Heap after GC invocations=10 (full 0):
 garbage-first heap   total 120832K, used 58945K [0x000000009f200000, 0x000000009f3003b0, 0x0000000100000000)
  region size 1024K, 4 young (4096K), 4 survivors (4096K)
 Metaspace       used 18453K, capacity 19488K, committed 19712K, reserved 1067008K
  class space    used 2023K, capacity 2245K, committed 2304K, reserved 1048576K
}
Event: 4.066 GC heap before
{Heap before GC invocations=10 (full 0):
 garbage-first heap   total 120832K, used 86593K [0x000000009f200000, 0x000000009f3003b0, 0x0000000100000000)
  region size 1024K, 31 young (31744K), 4 survivors (4096K)
 Metaspace       used 18455K, capacity 19488K, committed 19712K, reserved 1067008K
  class space    used 2023K, capacity 2245K, committed 2304K, reserved 1048576K
}
Event: 4.103 GC heap after
{Heap after GC invocations=11 (full 0):
 garbage-first heap   total 153600K, used 83968K [0x000000009f200000, 0x000000009f3004b0, 0x0000000100000000)
  region size 1024K, 4 young (4096K), 4 survivors (4096K)
 Metaspace       used 18455K, capacity 19488K, committed 19712K, reserved 1067008K
  class space    used 2023K, capacity 2245K, committed 2304K, reserved 1048576K
}
Event: 4.307 GC heap before
{Heap before GC invocations=12 (full 0):
 garbage-first heap   total 153600K, used 77824K [0x000000009f200000, 0x000000009f3004b0, 0x0000000100000000)
  region size 1024K, 26 young (26624K), 4 survivors (4096K)
 Metaspace       used 18488K, capacity 19488K, committed 19712K, reserved 1067008K
  class space    used 2024K, capacity 2245K, committed 2304K, reserved 1048576K
}
Event: 4.333 GC heap after
{Heap after GC invocations=13 (full 0):
 garbage-first heap   total 153600K, used 57916K [0x000000009f200000, 0x000000009f3004b0, 0x0000000100000000)
  region size 1024K, 1 young (1024K), 1 survivors (1024K)
 Metaspace       used 18488K, capacity 19488K, committed 19712K, reserved 1067008K
  class space    used 2024K, capacity 2245K, committed 2304K, reserved 1048576K
}
Event: 4.357 GC heap before
{Heap before GC invocations=13 (full 0):
 garbage-first heap   total 153600K, used 64060K [0x000000009f200000, 0x000000009f3004b0, 0x0000000100000000)
  region size 1024K, 7 young (7168K), 1 survivors (1024K)
 Metaspace       used 18491K, capacity 19488K, committed 19712K, reserved 1067008K
  class space    used 2024K, capacity 2245K, committed 2304K, reserved 1048576K
}
Event: 4.361 GC heap after
{Heap after GC invocations=14 (full 0):
 garbage-first heap   total 153600K, used 52852K [0x000000009f200000, 0x000000009f3004b0, 0x0000000100000000)
  region size 1024K, 1 young (1024K), 1 survivors (1024K)
 Metaspace       used 18491K, capacity 19488K, committed 19712K, reserved 1067008K
  class space    used 2024K, capacity 2245K, committed 2304K, reserved 1048576K
}
Event: 4.434 GC heap before
{Heap before GC invocations=14 (full 0):
 garbage-first heap   total 153600K, used 89716K [0x000000009f200000, 0x000000009f3004b0, 0x0000000100000000)
  region size 1024K, 37 young (37888K), 1 survivors (1024K)
 Metaspace       used 18498K, capacity 19488K, committed 19712K, reserved 1067008K
  class space    used 2024K, capacity 2245K, committed 2304K, reserved 1048576K
}
Event: 4.436 GC heap after
{Heap after GC invocations=15 (full 0):
 garbage-first heap   total 153600K, used 52702K [0x000000009f200000, 0x000000009f3004b0, 0x0000000100000000)
  region size 1024K, 1 young (1024K), 1 survivors (1024K)
 Metaspace       used 18498K, capacity 19488K, committed 19712K, reserved 1067008K
  class space    used 2024K, capacity 2245K, committed 2304K, reserved 1048576K
}
Event: 5.200 GC heap before
{Heap before GC invocations=15 (full 0):
 garbage-first heap   total 153600K, used 93662K [0x000000009f200000, 0x000000009f3004b0, 0x0000000100000000)
  region size 1024K, 41 young (41984K), 1 survivors (1024K)
 Metaspace       used 21383K, capacity 22474K, committed 22784K, reserved 1069056K
  class space    used 2306K, capacity 2526K, committed 2560K, reserved 1048576K
}

Deoptimization events (10 events):
Event: 4.538 Thread 0x0000022015020000 Uncommon trap: reason=unstable_if action=reinterpret pc=0x000002202504629c method=sun.font.TrueTypeFont.getDirectoryEntry(I)Lsun/font/TrueTypeFont$DirectoryEntry; @ 7 c2
Event: 4.544 Thread 0x0000022015020000 Uncommon trap: reason=unstable_if action=reinterpret pc=0x00000220250f762c method=javax.swing.DefaultBoundedRangeModel.setRangeProperties(IIIIZ)V @ 78 c2
Event: 4.544 Thread 0x0000022015020000 Uncommon trap: reason=unstable_if action=reinterpret pc=0x0000022025137944 method=javax.swing.JProgressBar.fireStateChanged()V @ 30 c2
Event: 4.548 Thread 0x0000022015020000 Uncommon trap: reason=unstable_if action=reinterpret pc=0x00000220251020dc method=java.lang.String.equalsIgnoreCase(Ljava/lang/String;)Z @ 2 c2
Event: 4.571 Thread 0x0000022015020000 Uncommon trap: reason=unstable_if action=reinterpret pc=0x000002202511c830 method=org.apache.poi.poifs.filesystem.BlockStore$ChainLoopDetector.claim(I)V @ 6 c2
Event: 4.571 Thread 0x0000022015020000 Uncommon trap: reason=unstable_if action=reinterpret pc=0x000002202511c008 method=org.apache.poi.poifs.nio.ByteArrayBackedDataSource.read(IJ)Ljava/nio/ByteBuffer; @ 6 c2
Event: 4.572 Thread 0x0000022015020000 Uncommon trap: reason=unstable_if action=reinterpret pc=0x000002202511d410 method=org.apache.poi.poifs.filesystem.NPOIFSStream$StreamBlockByteBufferIterator.next()Ljava/nio/ByteBuffer; @ 6 c2
Event: 5.051 Thread 0x0000022015020000 Uncommon trap: reason=class_check action=maybe_recompile pc=0x00000220250dbe84 method=java.util.TreeMap.put(Ljava/lang/Object;Ljava/lang/Object;)Ljava/lang/Object; @ 127 c2
Event: 5.102 Thread 0x0000022015020000 Uncommon trap: reason=unstable_if action=reinterpret pc=0x000002202500a594 method=java.util.Arrays.equals([Ljava/lang/Object;[Ljava/lang/Object;)Z @ 23 c2
Event: 5.193 Thread 0x0000022015020000 Uncommon trap: reason=unstable_if action=reinterpret pc=0x000002202503d5bc method=java.nio.Buffer.position(I)Ljava/nio/Buffer; @ 45 c2

Classes redefined (0 events):
No events

Internal exceptions (10 events):
Event: 5.187 Thread 0x0000022015020000 Exception <a 'java/security/PrivilegedActionException'{0x00000000a5fb5dd8}> (0x00000000a5fb5dd8) thrown at [t:/workspace/hotspot/src/share/vm/prims/jvm.cpp, line 1310]
Event: 5.188 Thread 0x0000022015020000 Exception <a 'java/security/PrivilegedActionException'{0x00000000a5fb61d0}> (0x00000000a5fb61d0) thrown at [t:/workspace/hotspot/src/share/vm/prims/jvm.cpp, line 1310]
Event: 5.194 Thread 0x0000022015020000 Exception <a 'java/security/PrivilegedActionException'{0x00000000a5fc9f38}> (0x00000000a5fc9f38) thrown at [t:/workspace/hotspot/src/share/vm/prims/jvm.cpp, line 1310]
Event: 5.194 Thread 0x0000022015020000 Exception <a 'java/security/PrivilegedActionException'{0x00000000a5fca330}> (0x00000000a5fca330) thrown at [t:/workspace/hotspot/src/share/vm/prims/jvm.cpp, line 1310]
Event: 5.195 Thread 0x0000022015020000 Exception <a 'java/security/PrivilegedActionException'{0x00000000a5fcfae0}> (0x00000000a5fcfae0) thrown at [t:/workspace/hotspot/src/share/vm/prims/jvm.cpp, line 1310]
Event: 5.195 Thread 0x0000022015020000 Exception <a 'java/security/PrivilegedActionException'{0x00000000a5fcfed8}> (0x00000000a5fcfed8) thrown at [t:/workspace/hotspot/src/share/vm/prims/jvm.cpp, line 1310]
Event: 5.195 Thread 0x0000022015020000 Exception <a 'java/security/PrivilegedActionException'{0x00000000a5fd23c8}> (0x00000000a5fd23c8) thrown at [t:/workspace/hotspot/src/share/vm/prims/jvm.cpp, line 1310]
Event: 5.195 Thread 0x0000022015020000 Exception <a 'java/security/PrivilegedActionException'{0x00000000a5fd27c0}> (0x00000000a5fd27c0) thrown at [t:/workspace/hotspot/src/share/vm/prims/jvm.cpp, line 1310]
Event: 5.196 Thread 0x0000022015020000 Exception <a 'java/security/PrivilegedActionException'{0x00000000a5fd7d50}> (0x00000000a5fd7d50) thrown at [t:/workspace/hotspot/src/share/vm/prims/jvm.cpp, line 1310]
Event: 5.196 Thread 0x0000022015020000 Exception <a 'java/security/PrivilegedActionException'{0x00000000a5fd8148}> (0x00000000a5fd8148) thrown at [t:/workspace/hotspot/src/share/vm/prims/jvm.cpp, line 1310]

Events (10 events):
Event: 5.192 loading class sun/util/PropertyResourceBundleCharset$PropertiesFileDecoder
Event: 5.192 loading class sun/util/PropertyResourceBundleCharset$PropertiesFileDecoder done
Event: 5.193 Thread 0x0000022015020000 Uncommon trap: trap_request=0xffffff5d fr.pc=0x000002202503d5bc relative=0x000000000000009c
Event: 5.193 Thread 0x0000022015020000 DEOPT PACKING pc=0x000002202503d5bc sp=0x00000085c31fb500
Event: 5.193 Thread 0x0000022015020000 DEOPT UNPACKING pc=0x000002201d54df29 sp=0x00000085c31fb440 mode 2
Event: 5.193 loading class org/apache/xmlbeans/impl/regex/message_ru
Event: 5.193 loading class org/apache/xmlbeans/impl/regex/message_ru done
Event: 5.195 loading class org/apache/xmlbeans/impl/regex/message_ru_RU
Event: 5.195 loading class org/apache/xmlbeans/impl/regex/message_ru_RU done
Event: 5.200 Executing VM operation: G1IncCollectionPause


Dynamic libraries:
0x00007ff6a9fd0000 - 0x00007ff6aa00e000 	C:\Program Files\Java\jre-9.0.1\bin\javaw.exe
0x00007ffc15bb0000 - 0x00007ffc15d90000 	C:\Windows\SYSTEM32\ntdll.dll
0x00007ffc15530000 - 0x00007ffc155de000 	C:\Windows\System32\KERNEL32.DLL
0x00007ffc12150000 - 0x00007ffc123b6000 	C:\Windows\System32\KERNELBASE.dll
0x00007ffc131f0000 - 0x00007ffc13291000 	C:\Windows\System32\ADVAPI32.dll
0x00007ffc14fb0000 - 0x00007ffc1504d000 	C:\Windows\System32\msvcrt.dll
0x00007ffc15240000 - 0x00007ffc1529b000 	C:\Windows\System32\sechost.dll
0x00007ffc134d0000 - 0x00007ffc135ef000 	C:\Windows\System32\RPCRT4.dll
0x00007ffc15050000 - 0x00007ffc151de000 	C:\Windows\System32\USER32.dll
0x00007ffc12540000 - 0x00007ffc12560000 	C:\Windows\System32\win32u.dll
0x00007ffc14df0000 - 0x00007ffc14e18000 	C:\Windows\System32\GDI32.dll
0x00007ffc11fb0000 - 0x00007ffc12141000 	C:\Windows\System32\gdi32full.dll
0x00007ffc12cb0000 - 0x00007ffc12d4b000 	C:\Windows\System32\msvcp_win.dll
0x00007ffc123c0000 - 0x00007ffc124b6000 	C:\Windows\System32\ucrtbase.dll
0x00007ffbfe940000 - 0x00007ffbfeba9000 	C:\Windows\WinSxS\amd64_microsoft.windows.common-controls_6595b64144ccf1df_6.0.16299.15_none_cc92fb402215d91d\COMCTL32.dll
0x00007ffc0a800000 - 0x00007ffc0a80a000 	C:\Windows\SYSTEM32\VERSION.dll
0x00007ffc14ae0000 - 0x00007ffc14de8000 	C:\Windows\System32\combase.dll
0x00007ffc124c0000 - 0x00007ffc12532000 	C:\Windows\System32\bcryptPrimitives.dll
0x00007ffc15460000 - 0x00007ffc1548d000 	C:\Windows\System32\IMM32.DLL
0x00007ffc043c0000 - 0x00007ffc044af000 	C:\Program Files\Java\jre-9.0.1\bin\msvcr120.dll
0x00007ffc04310000 - 0x00007ffc043b6000 	C:\Program Files\Java\jre-9.0.1\bin\msvcp120.dll
0x00000000665e0000 - 0x0000000067004000 	C:\Program Files\Java\jre-9.0.1\bin\server\jvm.dll
0x00007ffc15450000 - 0x00007ffc15458000 	C:\Windows\System32\PSAPI.DLL
0x00007ffc0fae0000 - 0x00007ffc0fb03000 	C:\Windows\SYSTEM32\WINMM.dll
0x00007ffc07cb0000 - 0x00007ffc07cb9000 	C:\Windows\SYSTEM32\WSOCK32.dll
0x00007ffc152b0000 - 0x00007ffc1531c000 	C:\Windows\System32\WS2_32.dll
0x00007ffc0f920000 - 0x00007ffc0f94a000 	C:\Windows\SYSTEM32\winmmbase.dll
0x00007ffc12e00000 - 0x00007ffc12e4a000 	C:\Windows\System32\cfgmgr32.dll
0x00007ffc10000000 - 0x00007ffc1000f000 	C:\Program Files\Java\jre-9.0.1\bin\verify.dll
0x00007ffc0f770000 - 0x00007ffc0f797000 	C:\Program Files\Java\jre-9.0.1\bin\java.dll
0x00007ffc0f7c0000 - 0x00007ffc0f7d6000 	C:\Program Files\Java\jre-9.0.1\bin\zip.dll
0x00007ffc0dd80000 - 0x00007ffc0dd8a000 	C:\Program Files\Java\jre-9.0.1\bin\jimage.dll
0x00007ffc136a0000 - 0x00007ffc14ad7000 	C:\Windows\System32\SHELL32.dll
0x00007ffc135f0000 - 0x00007ffc13696000 	C:\Windows\System32\shcore.dll
0x00007ffc12560000 - 0x00007ffc12ca7000 	C:\Windows\System32\windows.storage.dll
0x00007ffc15320000 - 0x00007ffc15371000 	C:\Windows\System32\shlwapi.dll
0x00007ffc11f00000 - 0x00007ffc11f11000 	C:\Windows\System32\kernel.appcore.dll
0x00007ffc11f60000 - 0x00007ffc11fac000 	C:\Windows\System32\powrprof.dll
0x00007ffc11f20000 - 0x00007ffc11f3b000 	C:\Windows\System32\profapi.dll
0x00007ffc08f70000 - 0x00007ffc08f8a000 	C:\Program Files\Java\jre-9.0.1\bin\net.dll
0x00007ffc0e2f0000 - 0x00007ffc0e3ce000 	C:\Windows\SYSTEM32\WINHTTP.dll
0x00007ffc11730000 - 0x00007ffc11796000 	C:\Windows\system32\mswsock.dll
0x00007ffc08f50000 - 0x00007ffc08f61000 	C:\Program Files\Java\jre-9.0.1\bin\nio.dll
0x00007ffbf3ab0000 - 0x00007ffbf3c49000 	C:\Program Files\Java\jre-9.0.1\bin\awt.dll
0x00007ffc15380000 - 0x00007ffc15445000 	C:\Windows\System32\OLEAUT32.dll
0x00007ffc0f140000 - 0x00007ffc0f6f8000 	C:\Windows\SYSTEM32\d2d1.dll
0x00007ffc12e50000 - 0x00007ffc1301e000 	C:\Windows\System32\CRYPT32.dll
0x00007ffc11f40000 - 0x00007ffc11f52000 	C:\Windows\System32\MSASN1.dll
0x00007ffc100f0000 - 0x00007ffc10177000 	C:\Windows\SYSTEM32\apphelp.dll
0x00007ffc102b0000 - 0x00007ffc10345000 	C:\Windows\system32\uxtheme.dll
0x00007ffc13080000 - 0x00007ffc131e7000 	C:\Windows\System32\MSCTF.dll
0x00007ffc104e0000 - 0x00007ffc1050a000 	C:\Windows\system32\dwmapi.dll
0x00007ffc155e0000 - 0x00007ffc15729000 	C:\Windows\System32\ole32.dll
0x00007ffbf37c0000 - 0x00007ffbf38de000 	C:\Windows\system32\opengl32.dll
0x00007ffc04150000 - 0x00007ffc0417c000 	C:\Windows\SYSTEM32\GLU32.dll
0x00007ffbe64d0000 - 0x00007ffbe6665000 	C:\Windows\system32\d3d9.dll
0x00007ffc09a20000 - 0x00007ffc09a7a000 	C:\Windows\SYSTEM32\vm3dum64.dll
0x00007ffc0b220000 - 0x00007ffc0b3e8000 	C:\Windows\SYSTEM32\dbghelp.dll
0x00007ffbf3720000 - 0x00007ffbf37bd000 	C:\Program Files\Java\jre-9.0.1\bin\fontmanager.dll
0x00007ffc07a60000 - 0x00007ffc07af8000 	C:\Windows\System32\TextInputFramework.dll
0x00007ffc0f840000 - 0x00007ffc0f91d000 	C:\Windows\System32\CoreMessaging.dll
0x00007ffc0d1d0000 - 0x00007ffc0d4be000 	C:\Windows\System32\CoreUIComponents.dll
0x00007ffc11040000 - 0x00007ffc11071000 	C:\Windows\SYSTEM32\ntmarta.dll
0x00007ffc0da60000 - 0x00007ffc0db96000 	C:\Windows\SYSTEM32\wintypes.dll
0x00007ffc04100000 - 0x00007ffc04142000 	C:\Program Files\Java\jre-9.0.1\bin\t2k.dll

VM Arguments:
jvm_args: -Dfile.encoding=Cp1251 
java_command: com.invoice.Main
java_class_path (initial): C:\git\Invoice-Parser\bin;C:\Program Files\Java\poi-bin-3.17-20170915\poi-3.17\ooxml-lib\xmlbeans-2.6.0.jar;C:\Program Files\Java\poi-bin-3.17-20170915\poi-3.17\poi-3.17.jar;C:\Program Files\Java\poi-bin-3.17-20170915\poi-3.17\poi-ooxml-3.17.jar;C:\Program Files\Java\poi-bin-3.17-20170915\poi-3.17\poi-ooxml-schemas-3.17.jar;C:\Program Files\Java\poi-bin-3.17-20170915\poi-3.17\poi-scratchpad-3.17.jar
Launcher Type: SUN_STANDARD

Logging:
Log output configuration:
#0: stdout all=warning uptime,level,tags
#1: stderr all=off uptime,level,tags

Environment Variables:
PATH=C:\ProgramData\Oracle\Java\javapath;C:\Windows\system32;C:\Windows;C:\Windows\System32\Wbem;C:\Windows\System32\WindowsPowerShell\v1.0\;C:\Program Files (x86)\Skype\Phone\;C:\Windows\system32\config\systemprofile\.dnx\bin;C:\Program Files\Microsoft DNX\Dnvm\;C:\Program Files\Microsoft SQL Server\130\Tools\Binn\;c:\Program Files (x86)\Microsoft SQL Server\110\Tools\Binn\;c:\Program Files\Microsoft SQL Server\110\Tools\Binn\;c:\Program Files\Microsoft SQL Server\110\DTS\Binn\;C:\Program Files (x86)\Microsoft SQL Server\Client SDK\ODBC\130\Tools\Binn\;C:\Program Files (x86)\Microsoft SQL Server\140\Tools\Binn\;C:\Program Files (x86)\Microsoft SQL Server\140\DTS\Binn\;C:\Program Files (x86)\Microsoft SQL Server\140\Tools\Binn\ManagementStudio\;C:\Users\wypik\AppData\Local\Microsoft\WindowsApps;C:\Users\wypik\AppData\Local\GitHubDesktop\bin
USERNAME=wypik
OS=Windows_NT
PROCESSOR_IDENTIFIER=Intel64 Family 6 Model 42 Stepping 7, GenuineIntel



---------------  S Y S T E M  ---------------

OS: Windows 10 , 64 bit Build 16299 (10.0.16299.15)

CPU:total 8 (initial active 8) (8 cores per cpu, 1 threads per core) family 6 model 42 stepping 7, cmov, cx8, fxsr, mmx, sse, sse2, sse3, ssse3, sse4.1, sse4.2, popcnt, avx, aes, clmul, tsc, tscinvbit

Memory: 4k page, physical 6347628k(718992k free), swap 6347628k(142460k free)

vm_info: Java HotSpot(TM) 64-Bit Server VM (9.0.1+11) for windows-amd64 JRE (9.0.1+11), built on Sep 28 2017 04:54:03 by "mach5one" with MS VC++ 12.0 (VS2013)

END.
